c:\users\bernaldus\documents\github\vorpallibrary-public\vorpallibrary-public\x64\release\hashwork.obj
c:\users\bernaldus\documents\github\vorpallibrary-public\vorpallibrary-public\x64\release\cpu.obj
c:\users\bernaldus\documents\github\vorpallibrary-public\vorpallibrary-public\x64\release\pe.obj
c:\users\bernaldus\documents\github\vorpallibrary-public\vorpallibrary-public\x64\release\threads.obj
c:\users\bernaldus\documents\github\vorpallibrary-public\vorpallibrary-public\x64\release\vorpal.obj
c:\users\bernaldus\documents\github\vorpallibrary-public\vorpallibrary-public\x64\release\utils.obj
c:\users\bernaldus\documents\github\vorpallibrary-public\vorpallibrary-public\x64\release\hwid.obj
c:\users\bernaldus\documents\github\vorpallibrary-public\vorpallibrary-public\x64\release\exportwork.obj
c:\users\bernaldus\documents\github\vorpallibrary-public\vorpallibrary-public\x64\release\crt.obj
c:\users\bernaldus\documents\github\vorpallibrary-public\vorpallibrary-public\x64\release\baseboard.obj
c:\users\bernaldus\documents\github\vorpallibrary-public\vorpallibrary-public\x64\release\integrity.obj
c:\users\bernaldus\documents\github\vorpallibrary-public\vorpallibrary-public\x64\release\disk.obj
c:\users\bernaldus\documents\github\vorpallibrary-public\vorpallibrary-public\x64\release\securitychecks.obj
c:\users\bernaldus\documents\github\vorpallibrary-public\vorpallibrary-public\x64\release\vorpallibrary-public.obj
c:\users\bernaldus\documents\github\vorpallibrary-public\vorpallibrary-public\x64\release\vc142.pdb
c:\users\bernaldus\documents\github\vorpallibrary-public\vorpallibrary-public\x64\release\buffer.obj
c:\users\bernaldus\documents\github\vorpallibrary-public\vorpallibrary-public\x64\release\hde32.obj
c:\users\bernaldus\documents\github\vorpallibrary-public\vorpallibrary-public\x64\release\hde64.obj
c:\users\bernaldus\documents\github\vorpallibrary-public\vorpallibrary-public\x64\release\hook.obj
c:\users\bernaldus\documents\github\vorpallibrary-public\vorpallibrary-public\x64\release\hooks.obj
c:\users\bernaldus\documents\github\vorpallibrary-public\vorpallibrary-public\x64\release\trampoline.obj
c:\users\bernaldus\documents\github\vorpallibrary-public\vorpallibrary-public\x64\release\vorpallibrary-public.ipdb
c:\users\bernaldus\documents\github\vorpallibrary-public\vorpallibrary-public\x64\release\vorpallibrary-public.iobj
c:\users\bernaldus\documents\github\vorpallibrary-public\x64\release\vorpallibrary-public.pdb
c:\users\bernaldus\documents\github\vorpallibrary-public\vorpallibrary-public\x64\release\vorpalli.ccae480f.tlog\cl.command.1.tlog
c:\users\bernaldus\documents\github\vorpallibrary-public\vorpallibrary-public\x64\release\vorpalli.ccae480f.tlog\cl.read.1.tlog
c:\users\bernaldus\documents\github\vorpallibrary-public\vorpallibrary-public\x64\release\vorpalli.ccae480f.tlog\cl.write.1.tlog
c:\users\bernaldus\documents\github\vorpallibrary-public\vorpallibrary-public\x64\release\vorpalli.ccae480f.tlog\link.command.1.tlog
c:\users\bernaldus\documents\github\vorpallibrary-public\vorpallibrary-public\x64\release\vorpalli.ccae480f.tlog\link.read.1.tlog
c:\users\bernaldus\documents\github\vorpallibrary-public\vorpallibrary-public\x64\release\vorpalli.ccae480f.tlog\link.write.1.tlog
